<?xml version="1.0" encoding="UTF-8"?>
<!-- Generated by org.testng.reporters.JUnitReportReporter -->
<testsuite hostname="LAPTOP-SP4PVLF4" failures="0" tests="2" name="test_runner.test_runner" time="103.359" errors="0" timestamp="8 Nov 2022 13:31:02 GMT">
  <testcase classname="test_runner.test_runner" name="runScenario" time="59.493"/>
  <testcase classname="test_runner.test_runner" name="runScenario" time="43.866"/>
</testsuite> <!-- test_runner.test_runner -->
