<?xml version="1.0" encoding="UTF-8"?>
<!-- Generated by org.testng.reporters.JUnitReportReporter -->
<testsuite hostname="LAPTOP-SP4PVLF4" name="test_runner.test_runner" tests="2" failures="0" timestamp="8 Nov 2022 13:28:15 GMT" time="42.266" errors="0">
  <testcase name="runScenario" time="28.089" classname="test_runner.test_runner"/>
  <testcase name="runScenario" time="14.177" classname="test_runner.test_runner"/>
</testsuite> <!-- test_runner.test_runner -->
